<?xml version="1.0" encoding="UTF-8"?>
<!-- Generated by org.testng.reporters.JUnitReportReporter -->
<testsuite skipped="0" hostname="PC-062" name="sudipJenkins.sudiptestng" tests="1" failures="0" timestamp="2021-03-12T18:17:12 IST" time="175.278" errors="0">
  <testcase name="Login" time="175.278" classname="sudipJenkins.sudiptestng"/>
  <system-out/>
</testsuite> <!-- sudipJenkins.sudiptestng -->
